<?xml version="1.0" encoding="UTF-8"?>
<!-- Generated by org.testng.reporters.JUnitXMLReporter -->
<testsuite ignored="0" hostname="DESKTOP-OLMI7T4" failures="0" tests="6" name="Default test" time="7.992" errors="0" timestamp="2024-12-29T15:48:35 WAT">
  <testcase classname="com.SauceLab.TestBase.LoginTest" name="verifyimage" time="0.077"/>
  <testcase classname="com.SauceLab.TestBase.LoginTest" name="SauceLoginTest" time="3.604"/>
  <testcase classname="com.SauceLab.TestBase.LoginTest" name="verifySort" time="1.882"/>
  <testcase classname="com.SauceLab.TestBase.LoginTest" name="cartPageTest" time="0.553"/>
  <testcase classname="com.SauceLab.TestBase.LoginTest" name="InformationPageTest" time="0.766"/>
  <testcase classname="com.SauceLab.TestBase.LoginTest" name="OverviewPageTest" time="0.92"/>
</testsuite> <!-- Default test -->
