<?xml version="1.0" encoding="UTF-8"?>
<!-- Generated by org.testng.reporters.JUnitXMLReporter -->
<testsuite ignored="0" hostname="DESKTOP-OLMI7T4" failures="0" tests="6" name="Chrome Test" time="24.953" errors="0" timestamp="2024-12-30T20:21:39 WAT">
  <testcase classname="com.SauceLab.TestBase.LoginTest" name="verifyImage" time="0.272"/>
  <testcase classname="com.SauceLab.TestBase.LoginTest" name="sauceLoginTest" time="4.332"/>
  <testcase classname="com.SauceLab.TestBase.LoginTest" name="verifySort" time="2.498"/>
  <testcase classname="com.SauceLab.TestBase.LoginTest" name="cartPageTest" time="1.136"/>
  <testcase classname="com.SauceLab.TestBase.LoginTest" name="informationPageTest" time="1.286"/>
  <testcase classname="com.SauceLab.TestBase.LoginTest" name="overviewPageTest" time="0.854"/>
</testsuite> <!-- Chrome Test -->
