<?xml version="1.0" encoding="UTF-8"?>
<!-- Generated by org.testng.reporters.JUnitXMLReporter -->
<testsuite ignored="0" hostname="DESKTOP-OLMI7T4" failures="0" tests="6" name="Edge Test" time="25.8" errors="0" timestamp="2024-12-30T20:21:40 WAT">
  <testcase classname="com.SauceLab.TestBase.LoginTest" name="verifyImage" time="0.318"/>
  <testcase classname="com.SauceLab.TestBase.LoginTest" name="sauceLoginTest" time="7.894"/>
  <testcase classname="com.SauceLab.TestBase.LoginTest" name="verifySort" time="4.36"/>
  <testcase classname="com.SauceLab.TestBase.LoginTest" name="cartPageTest" time="0.916"/>
  <testcase classname="com.SauceLab.TestBase.LoginTest" name="informationPageTest" time="1.114"/>
  <testcase classname="com.SauceLab.TestBase.LoginTest" name="overviewPageTest" time="1.329"/>
</testsuite> <!-- Edge Test -->
