<?xml version="1.0" encoding="UTF-8"?>
<testng-results ignored="0" total="12" passed="12" failed="0" skipped="0">
  <reporter-output>
  </reporter-output>
  <suite started-at="2024-12-30T20:21:14 WAT" name="Parallel Test Suite" finished-at="2024-12-30T20:21:40 WAT" duration-ms="25801">
    <groups>
    </groups>
    <test started-at="2024-12-30T20:21:14 WAT" name="Chrome Test" finished-at="2024-12-30T20:21:39 WAT" duration-ms="24953">
      <class name="com.SauceLab.TestBase.LoginTest">
        <test-method is-config="true" signature="setUp(java.lang.String)[pri:0, instance:com.SauceLab.TestBase.LoginTest@5d1b9c3d]" started-at="2024-12-30T20:21:14 WAT" name="setUp" finished-at="2024-12-30T20:21:28 WAT" duration-ms="13740" status="PASS">
          <params>
            <param index="0">
              <value>
                <![CDATA[chrome]]>
              </value>
            </param>
          </params>
          <reporter-output>
          </reporter-output>
        </test-method> <!-- setUp -->
        <test-method signature="verifyImage()[pri:1, instance:com.SauceLab.TestBase.LoginTest@5d1b9c3d]" started-at="2024-12-30T20:21:28 WAT" name="verifyImage" finished-at="2024-12-30T20:21:28 WAT" duration-ms="272" status="PASS">
          <reporter-output>
          </reporter-output>
        </test-method> <!-- verifyImage -->
        <test-method signature="sauceLoginTest(java.lang.String,java.lang.String)[pri:2, instance:com.SauceLab.TestBase.LoginTest@5d1b9c3d]" started-at="2024-12-30T20:21:28 WAT" name="sauceLoginTest" data-provider="dp" finished-at="2024-12-30T20:21:32 WAT" duration-ms="4332" status="PASS">
          <params>
            <param index="0">
              <value>
                <![CDATA[standard_user]]>
              </value>
            </param>
            <param index="1">
              <value>
                <![CDATA[secret_sauce]]>
              </value>
            </param>
          </params>
          <reporter-output>
          </reporter-output>
        </test-method> <!-- sauceLoginTest -->
        <test-method signature="verifySort()[pri:3, instance:com.SauceLab.TestBase.LoginTest@5d1b9c3d]" started-at="2024-12-30T20:21:32 WAT" name="verifySort" finished-at="2024-12-30T20:21:35 WAT" duration-ms="2498" status="PASS">
          <reporter-output>
          </reporter-output>
        </test-method> <!-- verifySort -->
        <test-method signature="cartPageTest()[pri:4, instance:com.SauceLab.TestBase.LoginTest@5d1b9c3d]" started-at="2024-12-30T20:21:35 WAT" name="cartPageTest" finished-at="2024-12-30T20:21:36 WAT" duration-ms="1136" status="PASS">
          <reporter-output>
          </reporter-output>
        </test-method> <!-- cartPageTest -->
        <test-method signature="informationPageTest(java.lang.String,java.lang.String,java.lang.String)[pri:5, instance:com.SauceLab.TestBase.LoginTest@5d1b9c3d]" started-at="2024-12-30T20:21:36 WAT" name="informationPageTest" data-provider="dp" finished-at="2024-12-30T20:21:37 WAT" duration-ms="1286" status="PASS">
          <params>
            <param index="0">
              <value>
                <![CDATA[Opeyemi]]>
              </value>
            </param>
            <param index="1">
              <value>
                <![CDATA[Oscar]]>
              </value>
            </param>
            <param index="2">
              <value>
                <![CDATA[10123.0]]>
              </value>
            </param>
          </params>
          <reporter-output>
          </reporter-output>
        </test-method> <!-- informationPageTest -->
        <test-method signature="overviewPageTest()[pri:6, instance:com.SauceLab.TestBase.LoginTest@5d1b9c3d]" started-at="2024-12-30T20:21:37 WAT" name="overviewPageTest" finished-at="2024-12-30T20:21:38 WAT" duration-ms="854" status="PASS">
          <reporter-output>
          </reporter-output>
        </test-method> <!-- overviewPageTest -->
        <test-method is-config="true" signature="tearDown()[pri:0, instance:com.SauceLab.TestBase.LoginTest@5d1b9c3d]" started-at="2024-12-30T20:21:38 WAT" name="tearDown" finished-at="2024-12-30T20:21:39 WAT" duration-ms="617" status="PASS">
          <reporter-output>
          </reporter-output>
        </test-method> <!-- tearDown -->
      </class> <!-- com.SauceLab.TestBase.LoginTest -->
    </test> <!-- Chrome Test -->
    <test started-at="2024-12-30T20:21:14 WAT" name="Edge Test" finished-at="2024-12-30T20:21:40 WAT" duration-ms="25800">
      <class name="com.SauceLab.TestBase.LoginTest">
        <test-method is-config="true" signature="setUp(java.lang.String)[pri:0, instance:com.SauceLab.TestBase.LoginTest@41bf79da]" started-at="2024-12-30T20:21:14 WAT" name="setUp" finished-at="2024-12-30T20:21:21 WAT" duration-ms="7483" status="PASS">
          <params>
            <param index="0">
              <value>
                <![CDATA[edge]]>
              </value>
            </param>
          </params>
          <reporter-output>
          </reporter-output>
        </test-method> <!-- setUp -->
        <test-method signature="verifyImage()[pri:1, instance:com.SauceLab.TestBase.LoginTest@41bf79da]" started-at="2024-12-30T20:21:22 WAT" name="verifyImage" finished-at="2024-12-30T20:21:22 WAT" duration-ms="318" status="PASS">
          <reporter-output>
          </reporter-output>
        </test-method> <!-- verifyImage -->
        <test-method signature="sauceLoginTest(java.lang.String,java.lang.String)[pri:2, instance:com.SauceLab.TestBase.LoginTest@41bf79da]" started-at="2024-12-30T20:21:22 WAT" name="sauceLoginTest" data-provider="dp" finished-at="2024-12-30T20:21:30 WAT" duration-ms="7894" status="PASS">
          <params>
            <param index="0">
              <value>
                <![CDATA[standard_user]]>
              </value>
            </param>
            <param index="1">
              <value>
                <![CDATA[secret_sauce]]>
              </value>
            </param>
          </params>
          <reporter-output>
          </reporter-output>
        </test-method> <!-- sauceLoginTest -->
        <test-method signature="verifySort()[pri:3, instance:com.SauceLab.TestBase.LoginTest@41bf79da]" started-at="2024-12-30T20:21:30 WAT" name="verifySort" finished-at="2024-12-30T20:21:34 WAT" duration-ms="4360" status="PASS">
          <reporter-output>
          </reporter-output>
        </test-method> <!-- verifySort -->
        <test-method signature="cartPageTest()[pri:4, instance:com.SauceLab.TestBase.LoginTest@41bf79da]" started-at="2024-12-30T20:21:34 WAT" name="cartPageTest" finished-at="2024-12-30T20:21:35 WAT" duration-ms="916" status="PASS">
          <reporter-output>
          </reporter-output>
        </test-method> <!-- cartPageTest -->
        <test-method signature="informationPageTest(java.lang.String,java.lang.String,java.lang.String)[pri:5, instance:com.SauceLab.TestBase.LoginTest@41bf79da]" started-at="2024-12-30T20:21:35 WAT" name="informationPageTest" data-provider="dp" finished-at="2024-12-30T20:21:36 WAT" duration-ms="1114" status="PASS">
          <params>
            <param index="0">
              <value>
                <![CDATA[Opeyemi]]>
              </value>
            </param>
            <param index="1">
              <value>
                <![CDATA[Oscar]]>
              </value>
            </param>
            <param index="2">
              <value>
                <![CDATA[10123.0]]>
              </value>
            </param>
          </params>
          <reporter-output>
          </reporter-output>
        </test-method> <!-- informationPageTest -->
        <test-method signature="overviewPageTest()[pri:6, instance:com.SauceLab.TestBase.LoginTest@41bf79da]" started-at="2024-12-30T20:21:36 WAT" name="overviewPageTest" finished-at="2024-12-30T20:21:38 WAT" duration-ms="1329" status="PASS">
          <reporter-output>
          </reporter-output>
        </test-method> <!-- overviewPageTest -->
        <test-method is-config="true" signature="tearDown()[pri:0, instance:com.SauceLab.TestBase.LoginTest@41bf79da]" started-at="2024-12-30T20:21:38 WAT" name="tearDown" finished-at="2024-12-30T20:21:40 WAT" duration-ms="2057" status="PASS">
          <reporter-output>
          </reporter-output>
        </test-method> <!-- tearDown -->
      </class> <!-- com.SauceLab.TestBase.LoginTest -->
    </test> <!-- Edge Test -->
  </suite> <!-- Parallel Test Suite -->
</testng-results>
