<?xml version="1.0" encoding="UTF-8"?>
<!-- Generated by org.testng.reporters.JUnitXMLReporter -->
<testsuite ignored="0" hostname="DESKTOP-OLMI7T4" failures="0" tests="6" name="Test" time="7.408" errors="0" timestamp="2024-12-29T22:06:01 WAT">
  <testcase classname="com.SauceLab.TestBase.LoginTest" name="verifyimage" time="0.1"/>
  <testcase classname="com.SauceLab.TestBase.LoginTest" name="SauceLoginTest" time="2.389"/>
  <testcase classname="com.SauceLab.TestBase.LoginTest" name="verifySort" time="1.94"/>
  <testcase classname="com.SauceLab.TestBase.LoginTest" name="cartPageTest" time="0.644"/>
  <testcase classname="com.SauceLab.TestBase.LoginTest" name="InformationPageTest" time="1.123"/>
  <testcase classname="com.SauceLab.TestBase.LoginTest" name="OverviewPageTest" time="0.963"/>
</testsuite> <!-- Test -->
